<?xml version="1.0" encoding="UTF-8"?>
<!-- Generated by org.testng.reporters.JUnitReportReporter -->
<testsuite hostname="vw-aus-clmip04" name="com.gurukula.TestCases.TC_ValidateAutomaticLogin" tests="1" failures="0" timestamp="11 May 2016 17:19:34 GMT" time="34.261" errors="0">
  <testcase name="ValidateAutomaticLogin" time="34.261" classname="com.gurukula.TestCases.TC_ValidateAutomaticLogin"/>
</testsuite> <!-- com.gurukula.TestCases.TC_ValidateAutomaticLogin -->
