<?xml version="1.0" encoding="UTF-8"?>
<!-- Generated by org.testng.reporters.JUnitReportReporter -->
<testsuite hostname="vw-aus-clmip04" name="com.gurukula.TestCases.TC_WelcomePage" tests="1" failures="0" timestamp="14 May 2016 16:33:52 GMT" time="59.114" errors="0">
  <testcase name="NavigateLoginPage" time="59.114" classname="com.gurukula.TestCases.TC_WelcomePage"/>
</testsuite> <!-- com.gurukula.TestCases.TC_WelcomePage -->
